[debug] [2023-06-30T10:18:26.799Z] ----------------------------------------------------------------------
[debug] [2023-06-30T10:18:26.800Z] Command:       C:\Program Files\nodejs\node.exe C:\Users\q\AppData\Roaming\npm\node_modules\firebase-tools\lib\bin\firebase.js deploy --only hosting
[debug] [2023-06-30T10:18:26.801Z] CLI Version:   12.4.2
[debug] [2023-06-30T10:18:26.801Z] Platform:      win32
[debug] [2023-06-30T10:18:26.801Z] Node Version:  v18.16.0
[debug] [2023-06-30T10:18:26.802Z] Time:          Fri Jun 30 2023 12:18:26 GMT+0200 (Eastern European Standard Time)
[debug] [2023-06-30T10:18:26.802Z] ----------------------------------------------------------------------
[debug] 
[debug] [2023-06-30T10:18:26.872Z] > command requires scopes: ["email","openid","https://www.googleapis.com/auth/cloudplatformprojects.readonly","https://www.googleapis.com/auth/firebase","https://www.googleapis.com/auth/cloud-platform"]
[debug] [2023-06-30T10:18:26.873Z] > authorizing via signed-in user (maryem.mostafa00@gmail.com)
[debug] [2023-06-30T10:18:26.873Z] [iam] checking project blocauth0 for permissions ["firebase.projects.get","firebasehosting.sites.update"]
[debug] [2023-06-30T10:18:26.875Z] >>> [apiv2][query] POST https://cloudresourcemanager.googleapis.com/v1/projects/blocauth0:testIamPermissions [none]
[debug] [2023-06-30T10:18:26.875Z] >>> [apiv2][(partial)header] POST https://cloudresourcemanager.googleapis.com/v1/projects/blocauth0:testIamPermissions x-goog-quota-user=projects/blocauth0
[debug] [2023-06-30T10:18:26.875Z] >>> [apiv2][body] POST https://cloudresourcemanager.googleapis.com/v1/projects/blocauth0:testIamPermissions {"permissions":["firebase.projects.get","firebasehosting.sites.update"]}
[debug] [2023-06-30T10:18:27.778Z] <<< [apiv2][status] POST https://cloudresourcemanager.googleapis.com/v1/projects/blocauth0:testIamPermissions 200
[debug] [2023-06-30T10:18:27.779Z] <<< [apiv2][body] POST https://cloudresourcemanager.googleapis.com/v1/projects/blocauth0:testIamPermissions {"permissions":["firebase.projects.get","firebasehosting.sites.update"]}
[debug] [2023-06-30T10:18:27.780Z] >>> [apiv2][query] GET https://firebase.googleapis.com/v1beta1/projects/blocauth0 [none]
[debug] [2023-06-30T10:18:28.221Z] <<< [apiv2][status] GET https://firebase.googleapis.com/v1beta1/projects/blocauth0 200
[debug] [2023-06-30T10:18:28.222Z] <<< [apiv2][body] GET https://firebase.googleapis.com/v1beta1/projects/blocauth0 {"projectId":"blocauth0","projectNumber":"284249661712","displayName":"BlocAuth0","name":"projects/blocauth0","resources":{"hostingSite":"blocauth0"},"state":"ACTIVE","etag":"1_895fa0c1-b5e3-4935-a343-c6793fc7bfcc"}
[info] 
[info] === Deploying to 'blocauth0'...
[info] 
[info] i  deploying hosting 
[debug] [2023-06-30T10:18:28.231Z] >>> [apiv2][query] POST https://firebasehosting.googleapis.com/v1beta1/projects/-/sites/blocauth0/versions [none]
[debug] [2023-06-30T10:18:28.232Z] >>> [apiv2][body] POST https://firebasehosting.googleapis.com/v1beta1/projects/-/sites/blocauth0/versions {"status":"CREATED","labels":{"deployment-tool":"cli-firebase"}}
[debug] [2023-06-30T10:18:29.997Z] <<< [apiv2][status] POST https://firebasehosting.googleapis.com/v1beta1/projects/-/sites/blocauth0/versions 200
[debug] [2023-06-30T10:18:29.997Z] <<< [apiv2][body] POST https://firebasehosting.googleapis.com/v1beta1/projects/-/sites/blocauth0/versions {"name":"projects/284249661712/sites/blocauth0/versions/0458d8317accca11","status":"CREATED","config":{},"labels":{"deployment-tool":"cli-firebase"}}
[info] i  hosting[blocauth0]: beginning deploy... 
[info] i  hosting[blocauth0]: found 35 files in build 
[debug] [2023-06-30T10:18:30.015Z] [hosting] uploading with 200 concurrency
[debug] [2023-06-30T10:18:30.017Z] [hosting] hash cache [YnVpbGQ] not populated
[debug] [2023-06-30T10:18:30.471Z] [hosting] hash cache [YnVpbGQ] stored for 35 files
[debug] [2023-06-30T10:18:30.472Z] [hosting][hash queue][FINAL] {"max":446,"min":29,"avg":64.62857142857143,"active":0,"complete":35,"success":35,"errored":0,"retried":0,"total":35,"elapsed":452}
[debug] [2023-06-30T10:18:30.472Z] >>> [apiv2][query] POST https://firebasehosting.googleapis.com/v1beta1/projects/284249661712/sites/blocauth0/versions/0458d8317accca11:populateFiles [none]
[debug] [2023-06-30T10:18:30.472Z] >>> [apiv2][body] POST https://firebasehosting.googleapis.com/v1beta1/projects/284249661712/sites/blocauth0/versions/0458d8317accca11:populateFiles {"files":{"/manifest.json":"5c997de1364b8be939319fa9209abd77f2caf7f8844999a9e2e9173f844e7840","/robots.txt":"b2090cf9761ef60aa06e4fab97679bd43dfa5e5df073701ead5879d7c68f1ec5","/index.html":"2111840acbd4d827bdcc86ddaaa32b8e1696dc8c5a4fade80f0c2fa7d4a1c2fd","/asset-manifest.json":"cdb941d507eca9b6b227af9180bf5aa79c6fcee25c0222a1275f03320315000a","/static/js/main.55172479.js.LICENSE.txt":"a1e10079e8155bc5525d13d0464e64acbd892cb93e51621cce5f31f1c4cc8fe3","/favicon.ico":"eae62e993eb980ec8a25058c39d5a51feab118bd2100c4deebb2a9c158ec11f9","/logo192.png":"3ee59515172ee198f3be375979df15ac5345183e656720a381b8872b2a39dc8b","/logo512.png":"ee7e2f3fdb8209c4b6fd7bef6ba50d1b9dba30a25bb5c3126df057e1cb6f5331","/static/css/main.6c3a24f7.css":"606ca6b7f091c14dbd13469db48345a2420fb85cf8ca67333966d1bb0b2426c8","/static/css/main.6c3a24f7.css.map":"e063b70d28b4177a7ad72fae8ecfd5c11834e21fdbf57939b84bd87decc43d0c","/static/media/avatar-3.139cf9bf423382872360.png":"5cb4bae0a2082ed2d923207df1a21e21a8ba0298f01f7a4dd5af4f0124d4df85","/static/media/avatar-2.ae52c9a34ee0972574e2.png":"edfe4857ea1bf55b6ecab99f930ebb128d452d1e17d16bf51324c6a25e9283bc","/static/media/avatar-1.aabbb166b2124eb5f652.png":"1aad792c07911d4c8c754a23de548de5b494421d422849d79a1880efededfba2","/static/media/logo.83be04e4036b8d526ac437f5a3c20691.svg":"a8a65286b39bacc028434fea0b0b8f1317a0bd85711369a4f85055b25634ac37","/static/media/product-7.8303cc75d8385719633d.png":"0428a5e69b352daa137a575b78b0042845fbf843782c938f1a77a02061fefabe","/static/media/product-9.88d9b287cf8cdba409c3.png":"0f383cad5321b59624ec3fc4fdca7570be554df48fc9032f0c8a7eb55d4c1855","/static/media/product-2.478798e88d77b77b18ae.png":"54232a67c3ebe484f3f2e245724dcb016805e051551e73bf4aa95aeaaa43f6ee","/static/media/product-1.81415b4b2db67c206362.png":"a743d71fedc8cc8f59a4799347e1b3fe7ca24d7973bea49293f1c98dcb322521","/static/media/product-3.f7f05e1059234192e329.png":"e91f0a8adc9998e8c2d1338cc7800563756933ea73d54507e7f5ef7a1c1d5668","/static/media/product-6.3b4bb863c7c4e93feac6.png":"ceed39034bea984edcfd9576ceb71a9b7de88b25d126f281a6e1be96a6072dc5","/static/media/product-4.e2e28d6f16d6205d8c3c.png":"d83d12786e1ba7b07a4cf7c7cc783cd0dc89f66af11d0a8fe58458bd8210e12e","/static/media/product-5.5dbb6e9b8088ee311423.png":"1b3fc1fd477eda0ea243da27781da8abdbf55ea9f0ff71455e1c16568d4f4e12","/static/media/product-8.7b2ec61f985cc403475b.png":"aa6d7f6351d412de7a25f2a1c46e739222392b356b3835955cee47dfcab12a1f","/static/media/product-10.c5ec2f5da9a0e5b83a4d.png":"bd86b1ef7273b5db517d33395881fae360ca4bb786537cf34e63a4883b776640","/static/media/lighting.2ca4dba946ce98f25d67.png":"22cdb5d0e5a4ce33d6ef5a9647910484ab0fb70b6ab6cc55bcc3786685672230","/static/media/bed.54103a7c3bc87b442953.png":"3930e76178318a7b1d14a87e7ac7bfc1b3f777998fcdb7aa661ad4506bb178eb","/static/media/chair.1d1eea9b11a64a75e5e7.png":"6a0d5ce3db40260d35be93d97dd4e9b6b26a3953078c87b9e7aacf1255e495c0","/static/media/cupboard.a031290f00686929c3de.png":"12ba2496a6899a3c9cd8df1d7776b62a4507bbe0b19e75e431e38f4da94cf7db","/static/js/main.55172479.js":"b8a0bfaca882be6db461b21fee748c48c138c29dd25eeb3f34b8a78c8c56ec47","/static/media/features-2.92c06926402d857d61c0.png":"b9634e328c2587e00dbfed42871252af2e6b55bb28806fb9af9c4a1f933fb17c","/static/media/13.7b46d6a5f55a6dc7402c.jpg":"fadec9656522e30803c4d3d78a6d859005dad88debe952006877cf62f155a8d5","/static/media/1.c49782669a5508911798.jpg":"4ddc1be88ec182ab1ef99336fb94f401b7e47d6acdeee6a66c7e49277380aa96","/static/media/8.531ccb2cba0d3789ce51.jpg":"54d19bc3eeb738cc82427e093c8b67cba31963539b437dcd1efc3b82221817b3","/static/js/main.55172479.js.map":"32c9d211a9e5ab84e5cd1d455aa718f3e68c3d058b9b8ef1f53b3d4fa00cdb59","/static/media/6.0d137f1cbaeae6596e10.jpg":"bb7ef43b2d5801015afc590d0cf63bac87eaa5fee91361621c2a65d5c9157534"}}
[debug] [2023-06-30T10:18:31.488Z] <<< [apiv2][status] POST https://firebasehosting.googleapis.com/v1beta1/projects/284249661712/sites/blocauth0/versions/0458d8317accca11:populateFiles 200
[debug] [2023-06-30T10:18:31.488Z] <<< [apiv2][body] POST https://firebasehosting.googleapis.com/v1beta1/projects/284249661712/sites/blocauth0/versions/0458d8317accca11:populateFiles {"uploadRequiredHashes":["6a0d5ce3db40260d35be93d97dd4e9b6b26a3953078c87b9e7aacf1255e495c0","606ca6b7f091c14dbd13469db48345a2420fb85cf8ca67333966d1bb0b2426c8","5c997de1364b8be939319fa9209abd77f2caf7f8844999a9e2e9173f844e7840","bd86b1ef7273b5db517d33395881fae360ca4bb786537cf34e63a4883b776640","ceed39034bea984edcfd9576ceb71a9b7de88b25d126f281a6e1be96a6072dc5","1aad792c07911d4c8c754a23de548de5b494421d422849d79a1880efededfba2","fadec9656522e30803c4d3d78a6d859005dad88debe952006877cf62f155a8d5","2111840acbd4d827bdcc86ddaaa32b8e1696dc8c5a4fade80f0c2fa7d4a1c2fd","0428a5e69b352daa137a575b78b0042845fbf843782c938f1a77a02061fefabe","a8a65286b39bacc028434fea0b0b8f1317a0bd85711369a4f85055b25634ac37","22cdb5d0e5a4ce33d6ef5a9647910484ab0fb70b6ab6cc55bcc3786685672230","5cb4bae0a2082ed2d923207df1a21e21a8ba0298f01f7a4dd5af4f0124d4df85","aa6d7f6351d412de7a25f2a1c46e739222392b356b3835955cee47dfcab12a1f","a743d71fedc8cc8f59a4799347e1b3fe7ca24d7973bea49293f1c98dcb322521","b2090cf9761ef60aa06e4fab97679bd43dfa5e5df073701ead5879d7c68f1ec5","12ba2496a6899a3c9cd8df1d7776b62a4507bbe0b19e75e431e38f4da94cf7db","bb7ef43b2d5801015afc590d0cf63bac87eaa5fee91361621c2a65d5c9157534","e063b70d28b4177a7ad72fae8ecfd5c11834e21fdbf57939b84bd87decc43d0c","b9634e328c2587e00dbfed42871252af2e6b55bb28806fb9af9c4a1f933fb17c","54d19bc3eeb738cc82427e093c8b67cba31963539b437dcd1efc3b82221817b3","0f383cad5321b59624ec3fc4fdca7570be554df48fc9032f0c8a7eb55d4c1855","54232a67c3ebe484f3f2e245724dcb016805e051551e73bf4aa95aeaaa43f6ee","a1e10079e8155bc5525d13d0464e64acbd892cb93e51621cce5f31f1c4cc8fe3","b8a0bfaca882be6db461b21fee748c48c138c29dd25eeb3f34b8a78c8c56ec47","3930e76178318a7b1d14a87e7ac7bfc1b3f777998fcdb7aa661ad4506bb178eb","1b3fc1fd477eda0ea243da27781da8abdbf55ea9f0ff71455e1c16568d4f4e12","ee7e2f3fdb8209c4b6fd7bef6ba50d1b9dba30a25bb5c3126df057e1cb6f5331","cdb941d507eca9b6b227af9180bf5aa79c6fcee25c0222a1275f03320315000a","4ddc1be88ec182ab1ef99336fb94f401b7e47d6acdeee6a66c7e49277380aa96","3ee59515172ee198f3be375979df15ac5345183e656720a381b8872b2a39dc8b","32c9d211a9e5ab84e5cd1d455aa718f3e68c3d058b9b8ef1f53b3d4fa00cdb59","e91f0a8adc9998e8c2d1338cc7800563756933ea73d54507e7f5ef7a1c1d5668","eae62e993eb980ec8a25058c39d5a51feab118bd2100c4deebb2a9c158ec11f9","edfe4857ea1bf55b6ecab99f930ebb128d452d1e17d16bf51324c6a25e9283bc","d83d12786e1ba7b07a4cf7c7cc783cd0dc89f66af11d0a8fe58458bd8210e12e"],"uploadUrl":"https://upload-firebasehosting.googleapis.com/upload/sites/blocauth0/versions/0458d8317accca11/files"}
[debug] [2023-06-30T10:18:31.492Z] >>> [apiv2][query] POST https://upload-firebasehosting.googleapis.com/upload/sites/blocauth0/versions/0458d8317accca11/files/6a0d5ce3db40260d35be93d97dd4e9b6b26a3953078c87b9e7aacf1255e495c0 [none]
[debug] [2023-06-30T10:18:31.492Z] >>> [apiv2][body] POST https://upload-firebasehosting.googleapis.com/upload/sites/blocauth0/versions/0458d8317accca11/files/6a0d5ce3db40260d35be93d97dd4e9b6b26a3953078c87b9e7aacf1255e495c0 [stream]
[debug] [2023-06-30T10:18:31.493Z] >>> [apiv2][query] POST https://upload-firebasehosting.googleapis.com/upload/sites/blocauth0/versions/0458d8317accca11/files/606ca6b7f091c14dbd13469db48345a2420fb85cf8ca67333966d1bb0b2426c8 [none]
[debug] [2023-06-30T10:18:31.493Z] >>> [apiv2][body] POST https://upload-firebasehosting.googleapis.com/upload/sites/blocauth0/versions/0458d8317accca11/files/606ca6b7f091c14dbd13469db48345a2420fb85cf8ca67333966d1bb0b2426c8 [stream]
[debug] [2023-06-30T10:18:31.494Z] >>> [apiv2][query] POST https://upload-firebasehosting.googleapis.com/upload/sites/blocauth0/versions/0458d8317accca11/files/5c997de1364b8be939319fa9209abd77f2caf7f8844999a9e2e9173f844e7840 [none]
[debug] [2023-06-30T10:18:31.494Z] >>> [apiv2][body] POST https://upload-firebasehosting.googleapis.com/upload/sites/blocauth0/versions/0458d8317accca11/files/5c997de1364b8be939319fa9209abd77f2caf7f8844999a9e2e9173f844e7840 [stream]
[debug] [2023-06-30T10:18:31.495Z] >>> [apiv2][query] POST https://upload-firebasehosting.googleapis.com/upload/sites/blocauth0/versions/0458d8317accca11/files/bd86b1ef7273b5db517d33395881fae360ca4bb786537cf34e63a4883b776640 [none]
[debug] [2023-06-30T10:18:31.495Z] >>> [apiv2][body] POST https://upload-firebasehosting.googleapis.com/upload/sites/blocauth0/versions/0458d8317accca11/files/bd86b1ef7273b5db517d33395881fae360ca4bb786537cf34e63a4883b776640 [stream]
[debug] [2023-06-30T10:18:31.496Z] >>> [apiv2][query] POST https://upload-firebasehosting.googleapis.com/upload/sites/blocauth0/versions/0458d8317accca11/files/ceed39034bea984edcfd9576ceb71a9b7de88b25d126f281a6e1be96a6072dc5 [none]
[debug] [2023-06-30T10:18:31.496Z] >>> [apiv2][body] POST https://upload-firebasehosting.googleapis.com/upload/sites/blocauth0/versions/0458d8317accca11/files/ceed39034bea984edcfd9576ceb71a9b7de88b25d126f281a6e1be96a6072dc5 [stream]
[debug] [2023-06-30T10:18:31.496Z] >>> [apiv2][query] POST https://upload-firebasehosting.googleapis.com/upload/sites/blocauth0/versions/0458d8317accca11/files/1aad792c07911d4c8c754a23de548de5b494421d422849d79a1880efededfba2 [none]
[debug] [2023-06-30T10:18:31.497Z] >>> [apiv2][body] POST https://upload-firebasehosting.googleapis.com/upload/sites/blocauth0/versions/0458d8317accca11/files/1aad792c07911d4c8c754a23de548de5b494421d422849d79a1880efededfba2 [stream]
[debug] [2023-06-30T10:18:31.497Z] >>> [apiv2][query] POST https://upload-firebasehosting.googleapis.com/upload/sites/blocauth0/versions/0458d8317accca11/files/fadec9656522e30803c4d3d78a6d859005dad88debe952006877cf62f155a8d5 [none]
[debug] [2023-06-30T10:18:31.497Z] >>> [apiv2][body] POST https://upload-firebasehosting.googleapis.com/upload/sites/blocauth0/versions/0458d8317accca11/files/fadec9656522e30803c4d3d78a6d859005dad88debe952006877cf62f155a8d5 [stream]
[debug] [2023-06-30T10:18:31.498Z] >>> [apiv2][query] POST https://upload-firebasehosting.googleapis.com/upload/sites/blocauth0/versions/0458d8317accca11/files/2111840acbd4d827bdcc86ddaaa32b8e1696dc8c5a4fade80f0c2fa7d4a1c2fd [none]
[debug] [2023-06-30T10:18:31.498Z] >>> [apiv2][body] POST https://upload-firebasehosting.googleapis.com/upload/sites/blocauth0/versions/0458d8317accca11/files/2111840acbd4d827bdcc86ddaaa32b8e1696dc8c5a4fade80f0c2fa7d4a1c2fd [stream]
[debug] [2023-06-30T10:18:31.499Z] >>> [apiv2][query] POST https://upload-firebasehosting.googleapis.com/upload/sites/blocauth0/versions/0458d8317accca11/files/0428a5e69b352daa137a575b78b0042845fbf843782c938f1a77a02061fefabe [none]
[debug] [2023-06-30T10:18:31.499Z] >>> [apiv2][body] POST https://upload-firebasehosting.googleapis.com/upload/sites/blocauth0/versions/0458d8317accca11/files/0428a5e69b352daa137a575b78b0042845fbf843782c938f1a77a02061fefabe [stream]
[debug] [2023-06-30T10:18:31.500Z] >>> [apiv2][query] POST https://upload-firebasehosting.googleapis.com/upload/sites/blocauth0/versions/0458d8317accca11/files/a8a65286b39bacc028434fea0b0b8f1317a0bd85711369a4f85055b25634ac37 [none]
[debug] [2023-06-30T10:18:31.500Z] >>> [apiv2][body] POST https://upload-firebasehosting.googleapis.com/upload/sites/blocauth0/versions/0458d8317accca11/files/a8a65286b39bacc028434fea0b0b8f1317a0bd85711369a4f85055b25634ac37 [stream]
[debug] [2023-06-30T10:18:31.500Z] >>> [apiv2][query] POST https://upload-firebasehosting.googleapis.com/upload/sites/blocauth0/versions/0458d8317accca11/files/22cdb5d0e5a4ce33d6ef5a9647910484ab0fb70b6ab6cc55bcc3786685672230 [none]
[debug] [2023-06-30T10:18:31.500Z] >>> [apiv2][body] POST https://upload-firebasehosting.googleapis.com/upload/sites/blocauth0/versions/0458d8317accca11/files/22cdb5d0e5a4ce33d6ef5a9647910484ab0fb70b6ab6cc55bcc3786685672230 [stream]
[debug] [2023-06-30T10:18:31.501Z] >>> [apiv2][query] POST https://upload-firebasehosting.googleapis.com/upload/sites/blocauth0/versions/0458d8317accca11/files/5cb4bae0a2082ed2d923207df1a21e21a8ba0298f01f7a4dd5af4f0124d4df85 [none]
[debug] [2023-06-30T10:18:31.501Z] >>> [apiv2][body] POST https://upload-firebasehosting.googleapis.com/upload/sites/blocauth0/versions/0458d8317accca11/files/5cb4bae0a2082ed2d923207df1a21e21a8ba0298f01f7a4dd5af4f0124d4df85 [stream]
[debug] [2023-06-30T10:18:31.502Z] >>> [apiv2][query] POST https://upload-firebasehosting.googleapis.com/upload/sites/blocauth0/versions/0458d8317accca11/files/aa6d7f6351d412de7a25f2a1c46e739222392b356b3835955cee47dfcab12a1f [none]
[debug] [2023-06-30T10:18:31.502Z] >>> [apiv2][body] POST https://upload-firebasehosting.googleapis.com/upload/sites/blocauth0/versions/0458d8317accca11/files/aa6d7f6351d412de7a25f2a1c46e739222392b356b3835955cee47dfcab12a1f [stream]
[debug] [2023-06-30T10:18:31.503Z] >>> [apiv2][query] POST https://upload-firebasehosting.googleapis.com/upload/sites/blocauth0/versions/0458d8317accca11/files/a743d71fedc8cc8f59a4799347e1b3fe7ca24d7973bea49293f1c98dcb322521 [none]
[debug] [2023-06-30T10:18:31.503Z] >>> [apiv2][body] POST https://upload-firebasehosting.googleapis.com/upload/sites/blocauth0/versions/0458d8317accca11/files/a743d71fedc8cc8f59a4799347e1b3fe7ca24d7973bea49293f1c98dcb322521 [stream]
[debug] [2023-06-30T10:18:31.503Z] >>> [apiv2][query] POST https://upload-firebasehosting.googleapis.com/upload/sites/blocauth0/versions/0458d8317accca11/files/b2090cf9761ef60aa06e4fab97679bd43dfa5e5df073701ead5879d7c68f1ec5 [none]
[debug] [2023-06-30T10:18:31.503Z] >>> [apiv2][body] POST https://upload-firebasehosting.googleapis.com/upload/sites/blocauth0/versions/0458d8317accca11/files/b2090cf9761ef60aa06e4fab97679bd43dfa5e5df073701ead5879d7c68f1ec5 [stream]
[debug] [2023-06-30T10:18:31.504Z] >>> [apiv2][query] POST https://upload-firebasehosting.googleapis.com/upload/sites/blocauth0/versions/0458d8317accca11/files/12ba2496a6899a3c9cd8df1d7776b62a4507bbe0b19e75e431e38f4da94cf7db [none]
[debug] [2023-06-30T10:18:31.504Z] >>> [apiv2][body] POST https://upload-firebasehosting.googleapis.com/upload/sites/blocauth0/versions/0458d8317accca11/files/12ba2496a6899a3c9cd8df1d7776b62a4507bbe0b19e75e431e38f4da94cf7db [stream]
[debug] [2023-06-30T10:18:31.504Z] >>> [apiv2][query] POST https://upload-firebasehosting.googleapis.com/upload/sites/blocauth0/versions/0458d8317accca11/files/bb7ef43b2d5801015afc590d0cf63bac87eaa5fee91361621c2a65d5c9157534 [none]
[debug] [2023-06-30T10:18:31.504Z] >>> [apiv2][body] POST https://upload-firebasehosting.googleapis.com/upload/sites/blocauth0/versions/0458d8317accca11/files/bb7ef43b2d5801015afc590d0cf63bac87eaa5fee91361621c2a65d5c9157534 [stream]
[debug] [2023-06-30T10:18:31.505Z] >>> [apiv2][query] POST https://upload-firebasehosting.googleapis.com/upload/sites/blocauth0/versions/0458d8317accca11/files/e063b70d28b4177a7ad72fae8ecfd5c11834e21fdbf57939b84bd87decc43d0c [none]
[debug] [2023-06-30T10:18:31.505Z] >>> [apiv2][body] POST https://upload-firebasehosting.googleapis.com/upload/sites/blocauth0/versions/0458d8317accca11/files/e063b70d28b4177a7ad72fae8ecfd5c11834e21fdbf57939b84bd87decc43d0c [stream]
[debug] [2023-06-30T10:18:31.506Z] >>> [apiv2][query] POST https://upload-firebasehosting.googleapis.com/upload/sites/blocauth0/versions/0458d8317accca11/files/b9634e328c2587e00dbfed42871252af2e6b55bb28806fb9af9c4a1f933fb17c [none]
[debug] [2023-06-30T10:18:31.506Z] >>> [apiv2][body] POST https://upload-firebasehosting.googleapis.com/upload/sites/blocauth0/versions/0458d8317accca11/files/b9634e328c2587e00dbfed42871252af2e6b55bb28806fb9af9c4a1f933fb17c [stream]
[debug] [2023-06-30T10:18:31.506Z] >>> [apiv2][query] POST https://upload-firebasehosting.googleapis.com/upload/sites/blocauth0/versions/0458d8317accca11/files/54d19bc3eeb738cc82427e093c8b67cba31963539b437dcd1efc3b82221817b3 [none]
[debug] [2023-06-30T10:18:31.506Z] >>> [apiv2][body] POST https://upload-firebasehosting.googleapis.com/upload/sites/blocauth0/versions/0458d8317accca11/files/54d19bc3eeb738cc82427e093c8b67cba31963539b437dcd1efc3b82221817b3 [stream]
[debug] [2023-06-30T10:18:31.507Z] >>> [apiv2][query] POST https://upload-firebasehosting.googleapis.com/upload/sites/blocauth0/versions/0458d8317accca11/files/0f383cad5321b59624ec3fc4fdca7570be554df48fc9032f0c8a7eb55d4c1855 [none]
[debug] [2023-06-30T10:18:31.507Z] >>> [apiv2][body] POST https://upload-firebasehosting.googleapis.com/upload/sites/blocauth0/versions/0458d8317accca11/files/0f383cad5321b59624ec3fc4fdca7570be554df48fc9032f0c8a7eb55d4c1855 [stream]
[debug] [2023-06-30T10:18:31.508Z] >>> [apiv2][query] POST https://upload-firebasehosting.googleapis.com/upload/sites/blocauth0/versions/0458d8317accca11/files/54232a67c3ebe484f3f2e245724dcb016805e051551e73bf4aa95aeaaa43f6ee [none]
[debug] [2023-06-30T10:18:31.508Z] >>> [apiv2][body] POST https://upload-firebasehosting.googleapis.com/upload/sites/blocauth0/versions/0458d8317accca11/files/54232a67c3ebe484f3f2e245724dcb016805e051551e73bf4aa95aeaaa43f6ee [stream]
[debug] [2023-06-30T10:18:31.508Z] >>> [apiv2][query] POST https://upload-firebasehosting.googleapis.com/upload/sites/blocauth0/versions/0458d8317accca11/files/a1e10079e8155bc5525d13d0464e64acbd892cb93e51621cce5f31f1c4cc8fe3 [none]
[debug] [2023-06-30T10:18:31.508Z] >>> [apiv2][body] POST https://upload-firebasehosting.googleapis.com/upload/sites/blocauth0/versions/0458d8317accca11/files/a1e10079e8155bc5525d13d0464e64acbd892cb93e51621cce5f31f1c4cc8fe3 [stream]
[debug] [2023-06-30T10:18:31.509Z] >>> [apiv2][query] POST https://upload-firebasehosting.googleapis.com/upload/sites/blocauth0/versions/0458d8317accca11/files/b8a0bfaca882be6db461b21fee748c48c138c29dd25eeb3f34b8a78c8c56ec47 [none]
[debug] [2023-06-30T10:18:31.509Z] >>> [apiv2][body] POST https://upload-firebasehosting.googleapis.com/upload/sites/blocauth0/versions/0458d8317accca11/files/b8a0bfaca882be6db461b21fee748c48c138c29dd25eeb3f34b8a78c8c56ec47 [stream]
[debug] [2023-06-30T10:18:31.509Z] >>> [apiv2][query] POST https://upload-firebasehosting.googleapis.com/upload/sites/blocauth0/versions/0458d8317accca11/files/3930e76178318a7b1d14a87e7ac7bfc1b3f777998fcdb7aa661ad4506bb178eb [none]
[debug] [2023-06-30T10:18:31.509Z] >>> [apiv2][body] POST https://upload-firebasehosting.googleapis.com/upload/sites/blocauth0/versions/0458d8317accca11/files/3930e76178318a7b1d14a87e7ac7bfc1b3f777998fcdb7aa661ad4506bb178eb [stream]
[debug] [2023-06-30T10:18:31.510Z] >>> [apiv2][query] POST https://upload-firebasehosting.googleapis.com/upload/sites/blocauth0/versions/0458d8317accca11/files/1b3fc1fd477eda0ea243da27781da8abdbf55ea9f0ff71455e1c16568d4f4e12 [none]
[debug] [2023-06-30T10:18:31.510Z] >>> [apiv2][body] POST https://upload-firebasehosting.googleapis.com/upload/sites/blocauth0/versions/0458d8317accca11/files/1b3fc1fd477eda0ea243da27781da8abdbf55ea9f0ff71455e1c16568d4f4e12 [stream]
[debug] [2023-06-30T10:18:31.510Z] >>> [apiv2][query] POST https://upload-firebasehosting.googleapis.com/upload/sites/blocauth0/versions/0458d8317accca11/files/ee7e2f3fdb8209c4b6fd7bef6ba50d1b9dba30a25bb5c3126df057e1cb6f5331 [none]
[debug] [2023-06-30T10:18:31.510Z] >>> [apiv2][body] POST https://upload-firebasehosting.googleapis.com/upload/sites/blocauth0/versions/0458d8317accca11/files/ee7e2f3fdb8209c4b6fd7bef6ba50d1b9dba30a25bb5c3126df057e1cb6f5331 [stream]
[debug] [2023-06-30T10:18:31.511Z] >>> [apiv2][query] POST https://upload-firebasehosting.googleapis.com/upload/sites/blocauth0/versions/0458d8317accca11/files/cdb941d507eca9b6b227af9180bf5aa79c6fcee25c0222a1275f03320315000a [none]
[debug] [2023-06-30T10:18:31.511Z] >>> [apiv2][body] POST https://upload-firebasehosting.googleapis.com/upload/sites/blocauth0/versions/0458d8317accca11/files/cdb941d507eca9b6b227af9180bf5aa79c6fcee25c0222a1275f03320315000a [stream]
[debug] [2023-06-30T10:18:31.511Z] >>> [apiv2][query] POST https://upload-firebasehosting.googleapis.com/upload/sites/blocauth0/versions/0458d8317accca11/files/4ddc1be88ec182ab1ef99336fb94f401b7e47d6acdeee6a66c7e49277380aa96 [none]
[debug] [2023-06-30T10:18:31.511Z] >>> [apiv2][body] POST https://upload-firebasehosting.googleapis.com/upload/sites/blocauth0/versions/0458d8317accca11/files/4ddc1be88ec182ab1ef99336fb94f401b7e47d6acdeee6a66c7e49277380aa96 [stream]
[debug] [2023-06-30T10:18:31.512Z] >>> [apiv2][query] POST https://upload-firebasehosting.googleapis.com/upload/sites/blocauth0/versions/0458d8317accca11/files/3ee59515172ee198f3be375979df15ac5345183e656720a381b8872b2a39dc8b [none]
[debug] [2023-06-30T10:18:31.512Z] >>> [apiv2][body] POST https://upload-firebasehosting.googleapis.com/upload/sites/blocauth0/versions/0458d8317accca11/files/3ee59515172ee198f3be375979df15ac5345183e656720a381b8872b2a39dc8b [stream]
[debug] [2023-06-30T10:18:31.513Z] >>> [apiv2][query] POST https://upload-firebasehosting.googleapis.com/upload/sites/blocauth0/versions/0458d8317accca11/files/32c9d211a9e5ab84e5cd1d455aa718f3e68c3d058b9b8ef1f53b3d4fa00cdb59 [none]
[debug] [2023-06-30T10:18:31.513Z] >>> [apiv2][body] POST https://upload-firebasehosting.googleapis.com/upload/sites/blocauth0/versions/0458d8317accca11/files/32c9d211a9e5ab84e5cd1d455aa718f3e68c3d058b9b8ef1f53b3d4fa00cdb59 [stream]
[debug] [2023-06-30T10:18:31.513Z] >>> [apiv2][query] POST https://upload-firebasehosting.googleapis.com/upload/sites/blocauth0/versions/0458d8317accca11/files/e91f0a8adc9998e8c2d1338cc7800563756933ea73d54507e7f5ef7a1c1d5668 [none]
[debug] [2023-06-30T10:18:31.513Z] >>> [apiv2][body] POST https://upload-firebasehosting.googleapis.com/upload/sites/blocauth0/versions/0458d8317accca11/files/e91f0a8adc9998e8c2d1338cc7800563756933ea73d54507e7f5ef7a1c1d5668 [stream]
[debug] [2023-06-30T10:18:31.514Z] >>> [apiv2][query] POST https://upload-firebasehosting.googleapis.com/upload/sites/blocauth0/versions/0458d8317accca11/files/eae62e993eb980ec8a25058c39d5a51feab118bd2100c4deebb2a9c158ec11f9 [none]
[debug] [2023-06-30T10:18:31.514Z] >>> [apiv2][body] POST https://upload-firebasehosting.googleapis.com/upload/sites/blocauth0/versions/0458d8317accca11/files/eae62e993eb980ec8a25058c39d5a51feab118bd2100c4deebb2a9c158ec11f9 [stream]
[debug] [2023-06-30T10:18:31.514Z] >>> [apiv2][query] POST https://upload-firebasehosting.googleapis.com/upload/sites/blocauth0/versions/0458d8317accca11/files/edfe4857ea1bf55b6ecab99f930ebb128d452d1e17d16bf51324c6a25e9283bc [none]
[debug] [2023-06-30T10:18:31.514Z] >>> [apiv2][body] POST https://upload-firebasehosting.googleapis.com/upload/sites/blocauth0/versions/0458d8317accca11/files/edfe4857ea1bf55b6ecab99f930ebb128d452d1e17d16bf51324c6a25e9283bc [stream]
[debug] [2023-06-30T10:18:31.515Z] >>> [apiv2][query] POST https://upload-firebasehosting.googleapis.com/upload/sites/blocauth0/versions/0458d8317accca11/files/d83d12786e1ba7b07a4cf7c7cc783cd0dc89f66af11d0a8fe58458bd8210e12e [none]
[debug] [2023-06-30T10:18:31.515Z] >>> [apiv2][body] POST https://upload-firebasehosting.googleapis.com/upload/sites/blocauth0/versions/0458d8317accca11/files/d83d12786e1ba7b07a4cf7c7cc783cd0dc89f66af11d0a8fe58458bd8210e12e [stream]
[debug] [2023-06-30T10:18:31.515Z] [hosting][populate queue][FINAL] {"max":1022,"min":1022,"avg":1022,"active":0,"complete":1,"success":1,"errored":0,"retried":0,"total":1,"elapsed":1046}
[debug] [2023-06-30T10:18:31.515Z] [hosting] uploads queued: 35
[debug] [2023-06-30T10:18:32.539Z] <<< [apiv2][status] POST https://upload-firebasehosting.googleapis.com/upload/sites/blocauth0/versions/0458d8317accca11/files/0428a5e69b352daa137a575b78b0042845fbf843782c938f1a77a02061fefabe 200
[debug] [2023-06-30T10:18:32.540Z] <<< [apiv2][body] POST https://upload-firebasehosting.googleapis.com/upload/sites/blocauth0/versions/0458d8317accca11/files/0428a5e69b352daa137a575b78b0042845fbf843782c938f1a77a02061fefabe [stream]
[debug] [2023-06-30T10:18:32.553Z] <<< [apiv2][status] POST https://upload-firebasehosting.googleapis.com/upload/sites/blocauth0/versions/0458d8317accca11/files/606ca6b7f091c14dbd13469db48345a2420fb85cf8ca67333966d1bb0b2426c8 200
[debug] [2023-06-30T10:18:32.553Z] <<< [apiv2][body] POST https://upload-firebasehosting.googleapis.com/upload/sites/blocauth0/versions/0458d8317accca11/files/606ca6b7f091c14dbd13469db48345a2420fb85cf8ca67333966d1bb0b2426c8 [stream]
[debug] [2023-06-30T10:18:32.618Z] <<< [apiv2][status] POST https://upload-firebasehosting.googleapis.com/upload/sites/blocauth0/versions/0458d8317accca11/files/a8a65286b39bacc028434fea0b0b8f1317a0bd85711369a4f85055b25634ac37 200
[debug] [2023-06-30T10:18:32.618Z] <<< [apiv2][body] POST https://upload-firebasehosting.googleapis.com/upload/sites/blocauth0/versions/0458d8317accca11/files/a8a65286b39bacc028434fea0b0b8f1317a0bd85711369a4f85055b25634ac37 [stream]
[debug] [2023-06-30T10:18:32.779Z] <<< [apiv2][status] POST https://upload-firebasehosting.googleapis.com/upload/sites/blocauth0/versions/0458d8317accca11/files/2111840acbd4d827bdcc86ddaaa32b8e1696dc8c5a4fade80f0c2fa7d4a1c2fd 200
[debug] [2023-06-30T10:18:32.779Z] <<< [apiv2][body] POST https://upload-firebasehosting.googleapis.com/upload/sites/blocauth0/versions/0458d8317accca11/files/2111840acbd4d827bdcc86ddaaa32b8e1696dc8c5a4fade80f0c2fa7d4a1c2fd [stream]
[debug] [2023-06-30T10:18:32.793Z] <<< [apiv2][status] POST https://upload-firebasehosting.googleapis.com/upload/sites/blocauth0/versions/0458d8317accca11/files/1aad792c07911d4c8c754a23de548de5b494421d422849d79a1880efededfba2 200
[debug] [2023-06-30T10:18:32.794Z] <<< [apiv2][body] POST https://upload-firebasehosting.googleapis.com/upload/sites/blocauth0/versions/0458d8317accca11/files/1aad792c07911d4c8c754a23de548de5b494421d422849d79a1880efededfba2 [stream]
[debug] [2023-06-30T10:18:32.799Z] <<< [apiv2][status] POST https://upload-firebasehosting.googleapis.com/upload/sites/blocauth0/versions/0458d8317accca11/files/e063b70d28b4177a7ad72fae8ecfd5c11834e21fdbf57939b84bd87decc43d0c 200
[debug] [2023-06-30T10:18:32.800Z] <<< [apiv2][body] POST https://upload-firebasehosting.googleapis.com/upload/sites/blocauth0/versions/0458d8317accca11/files/e063b70d28b4177a7ad72fae8ecfd5c11834e21fdbf57939b84bd87decc43d0c [stream]
[debug] [2023-06-30T10:18:32.892Z] <<< [apiv2][status] POST https://upload-firebasehosting.googleapis.com/upload/sites/blocauth0/versions/0458d8317accca11/files/3ee59515172ee198f3be375979df15ac5345183e656720a381b8872b2a39dc8b 200
[debug] [2023-06-30T10:18:32.892Z] <<< [apiv2][body] POST https://upload-firebasehosting.googleapis.com/upload/sites/blocauth0/versions/0458d8317accca11/files/3ee59515172ee198f3be375979df15ac5345183e656720a381b8872b2a39dc8b [stream]
[debug] [2023-06-30T10:18:32.920Z] <<< [apiv2][status] POST https://upload-firebasehosting.googleapis.com/upload/sites/blocauth0/versions/0458d8317accca11/files/a1e10079e8155bc5525d13d0464e64acbd892cb93e51621cce5f31f1c4cc8fe3 200
[debug] [2023-06-30T10:18:32.921Z] <<< [apiv2][body] POST https://upload-firebasehosting.googleapis.com/upload/sites/blocauth0/versions/0458d8317accca11/files/a1e10079e8155bc5525d13d0464e64acbd892cb93e51621cce5f31f1c4cc8fe3 [stream]
[debug] [2023-06-30T10:18:32.969Z] <<< [apiv2][status] POST https://upload-firebasehosting.googleapis.com/upload/sites/blocauth0/versions/0458d8317accca11/files/eae62e993eb980ec8a25058c39d5a51feab118bd2100c4deebb2a9c158ec11f9 200
[debug] [2023-06-30T10:18:32.969Z] <<< [apiv2][body] POST https://upload-firebasehosting.googleapis.com/upload/sites/blocauth0/versions/0458d8317accca11/files/eae62e993eb980ec8a25058c39d5a51feab118bd2100c4deebb2a9c158ec11f9 [stream]
[debug] [2023-06-30T10:18:33.000Z] <<< [apiv2][status] POST https://upload-firebasehosting.googleapis.com/upload/sites/blocauth0/versions/0458d8317accca11/files/5cb4bae0a2082ed2d923207df1a21e21a8ba0298f01f7a4dd5af4f0124d4df85 200
[debug] [2023-06-30T10:18:33.000Z] <<< [apiv2][body] POST https://upload-firebasehosting.googleapis.com/upload/sites/blocauth0/versions/0458d8317accca11/files/5cb4bae0a2082ed2d923207df1a21e21a8ba0298f01f7a4dd5af4f0124d4df85 [stream]
[debug] [2023-06-30T10:18:33.193Z] <<< [apiv2][status] POST https://upload-firebasehosting.googleapis.com/upload/sites/blocauth0/versions/0458d8317accca11/files/cdb941d507eca9b6b227af9180bf5aa79c6fcee25c0222a1275f03320315000a 200
[debug] [2023-06-30T10:18:33.193Z] <<< [apiv2][body] POST https://upload-firebasehosting.googleapis.com/upload/sites/blocauth0/versions/0458d8317accca11/files/cdb941d507eca9b6b227af9180bf5aa79c6fcee25c0222a1275f03320315000a [stream]
[debug] [2023-06-30T10:18:33.226Z] <<< [apiv2][status] POST https://upload-firebasehosting.googleapis.com/upload/sites/blocauth0/versions/0458d8317accca11/files/edfe4857ea1bf55b6ecab99f930ebb128d452d1e17d16bf51324c6a25e9283bc 200
[debug] [2023-06-30T10:18:33.226Z] <<< [apiv2][body] POST https://upload-firebasehosting.googleapis.com/upload/sites/blocauth0/versions/0458d8317accca11/files/edfe4857ea1bf55b6ecab99f930ebb128d452d1e17d16bf51324c6a25e9283bc [stream]
[debug] [2023-06-30T10:18:33.422Z] <<< [apiv2][status] POST https://upload-firebasehosting.googleapis.com/upload/sites/blocauth0/versions/0458d8317accca11/files/b2090cf9761ef60aa06e4fab97679bd43dfa5e5df073701ead5879d7c68f1ec5 200
[debug] [2023-06-30T10:18:33.422Z] <<< [apiv2][body] POST https://upload-firebasehosting.googleapis.com/upload/sites/blocauth0/versions/0458d8317accca11/files/b2090cf9761ef60aa06e4fab97679bd43dfa5e5df073701ead5879d7c68f1ec5 [stream]
[debug] [2023-06-30T10:18:33.515Z] <<< [apiv2][status] POST https://upload-firebasehosting.googleapis.com/upload/sites/blocauth0/versions/0458d8317accca11/files/d83d12786e1ba7b07a4cf7c7cc783cd0dc89f66af11d0a8fe58458bd8210e12e 200
[debug] [2023-06-30T10:18:33.515Z] <<< [apiv2][body] POST https://upload-firebasehosting.googleapis.com/upload/sites/blocauth0/versions/0458d8317accca11/files/d83d12786e1ba7b07a4cf7c7cc783cd0dc89f66af11d0a8fe58458bd8210e12e [stream]
[debug] [2023-06-30T10:18:33.529Z] <<< [apiv2][status] POST https://upload-firebasehosting.googleapis.com/upload/sites/blocauth0/versions/0458d8317accca11/files/0f383cad5321b59624ec3fc4fdca7570be554df48fc9032f0c8a7eb55d4c1855 200
[debug] [2023-06-30T10:18:33.529Z] <<< [apiv2][body] POST https://upload-firebasehosting.googleapis.com/upload/sites/blocauth0/versions/0458d8317accca11/files/0f383cad5321b59624ec3fc4fdca7570be554df48fc9032f0c8a7eb55d4c1855 [stream]
[debug] [2023-06-30T10:18:33.560Z] <<< [apiv2][status] POST https://upload-firebasehosting.googleapis.com/upload/sites/blocauth0/versions/0458d8317accca11/files/1b3fc1fd477eda0ea243da27781da8abdbf55ea9f0ff71455e1c16568d4f4e12 200
[debug] [2023-06-30T10:18:33.560Z] <<< [apiv2][body] POST https://upload-firebasehosting.googleapis.com/upload/sites/blocauth0/versions/0458d8317accca11/files/1b3fc1fd477eda0ea243da27781da8abdbf55ea9f0ff71455e1c16568d4f4e12 [stream]
[debug] [2023-06-30T10:18:33.590Z] <<< [apiv2][status] POST https://upload-firebasehosting.googleapis.com/upload/sites/blocauth0/versions/0458d8317accca11/files/aa6d7f6351d412de7a25f2a1c46e739222392b356b3835955cee47dfcab12a1f 200
[debug] [2023-06-30T10:18:33.590Z] <<< [apiv2][body] POST https://upload-firebasehosting.googleapis.com/upload/sites/blocauth0/versions/0458d8317accca11/files/aa6d7f6351d412de7a25f2a1c46e739222392b356b3835955cee47dfcab12a1f [stream]
[debug] [2023-06-30T10:18:33.627Z] <<< [apiv2][status] POST https://upload-firebasehosting.googleapis.com/upload/sites/blocauth0/versions/0458d8317accca11/files/5c997de1364b8be939319fa9209abd77f2caf7f8844999a9e2e9173f844e7840 200
[debug] [2023-06-30T10:18:33.627Z] <<< [apiv2][body] POST https://upload-firebasehosting.googleapis.com/upload/sites/blocauth0/versions/0458d8317accca11/files/5c997de1364b8be939319fa9209abd77f2caf7f8844999a9e2e9173f844e7840 [stream]
[debug] [2023-06-30T10:18:33.882Z] <<< [apiv2][status] POST https://upload-firebasehosting.googleapis.com/upload/sites/blocauth0/versions/0458d8317accca11/files/a743d71fedc8cc8f59a4799347e1b3fe7ca24d7973bea49293f1c98dcb322521 200
[debug] [2023-06-30T10:18:33.882Z] <<< [apiv2][body] POST https://upload-firebasehosting.googleapis.com/upload/sites/blocauth0/versions/0458d8317accca11/files/a743d71fedc8cc8f59a4799347e1b3fe7ca24d7973bea49293f1c98dcb322521 [stream]
[debug] [2023-06-30T10:18:34.041Z] <<< [apiv2][status] POST https://upload-firebasehosting.googleapis.com/upload/sites/blocauth0/versions/0458d8317accca11/files/b8a0bfaca882be6db461b21fee748c48c138c29dd25eeb3f34b8a78c8c56ec47 200
[debug] [2023-06-30T10:18:34.041Z] <<< [apiv2][body] POST https://upload-firebasehosting.googleapis.com/upload/sites/blocauth0/versions/0458d8317accca11/files/b8a0bfaca882be6db461b21fee748c48c138c29dd25eeb3f34b8a78c8c56ec47 [stream]
[debug] [2023-06-30T10:18:34.182Z] <<< [apiv2][status] POST https://upload-firebasehosting.googleapis.com/upload/sites/blocauth0/versions/0458d8317accca11/files/bd86b1ef7273b5db517d33395881fae360ca4bb786537cf34e63a4883b776640 200
[debug] [2023-06-30T10:18:34.183Z] <<< [apiv2][body] POST https://upload-firebasehosting.googleapis.com/upload/sites/blocauth0/versions/0458d8317accca11/files/bd86b1ef7273b5db517d33395881fae360ca4bb786537cf34e63a4883b776640 [stream]
[debug] [2023-06-30T10:18:34.199Z] <<< [apiv2][status] POST https://upload-firebasehosting.googleapis.com/upload/sites/blocauth0/versions/0458d8317accca11/files/e91f0a8adc9998e8c2d1338cc7800563756933ea73d54507e7f5ef7a1c1d5668 200
[debug] [2023-06-30T10:18:34.200Z] <<< [apiv2][body] POST https://upload-firebasehosting.googleapis.com/upload/sites/blocauth0/versions/0458d8317accca11/files/e91f0a8adc9998e8c2d1338cc7800563756933ea73d54507e7f5ef7a1c1d5668 [stream]
[debug] [2023-06-30T10:18:34.312Z] <<< [apiv2][status] POST https://upload-firebasehosting.googleapis.com/upload/sites/blocauth0/versions/0458d8317accca11/files/22cdb5d0e5a4ce33d6ef5a9647910484ab0fb70b6ab6cc55bcc3786685672230 200
[debug] [2023-06-30T10:18:34.313Z] <<< [apiv2][body] POST https://upload-firebasehosting.googleapis.com/upload/sites/blocauth0/versions/0458d8317accca11/files/22cdb5d0e5a4ce33d6ef5a9647910484ab0fb70b6ab6cc55bcc3786685672230 [stream]
[debug] [2023-06-30T10:18:34.399Z] <<< [apiv2][status] POST https://upload-firebasehosting.googleapis.com/upload/sites/blocauth0/versions/0458d8317accca11/files/54232a67c3ebe484f3f2e245724dcb016805e051551e73bf4aa95aeaaa43f6ee 200
[debug] [2023-06-30T10:18:34.400Z] <<< [apiv2][body] POST https://upload-firebasehosting.googleapis.com/upload/sites/blocauth0/versions/0458d8317accca11/files/54232a67c3ebe484f3f2e245724dcb016805e051551e73bf4aa95aeaaa43f6ee [stream]
[debug] [2023-06-30T10:18:35.090Z] <<< [apiv2][status] POST https://upload-firebasehosting.googleapis.com/upload/sites/blocauth0/versions/0458d8317accca11/files/ee7e2f3fdb8209c4b6fd7bef6ba50d1b9dba30a25bb5c3126df057e1cb6f5331 200
[debug] [2023-06-30T10:18:35.091Z] <<< [apiv2][body] POST https://upload-firebasehosting.googleapis.com/upload/sites/blocauth0/versions/0458d8317accca11/files/ee7e2f3fdb8209c4b6fd7bef6ba50d1b9dba30a25bb5c3126df057e1cb6f5331 [stream]
[debug] [2023-06-30T10:18:35.521Z] <<< [apiv2][status] POST https://upload-firebasehosting.googleapis.com/upload/sites/blocauth0/versions/0458d8317accca11/files/12ba2496a6899a3c9cd8df1d7776b62a4507bbe0b19e75e431e38f4da94cf7db 200
[debug] [2023-06-30T10:18:35.521Z] <<< [apiv2][body] POST https://upload-firebasehosting.googleapis.com/upload/sites/blocauth0/versions/0458d8317accca11/files/12ba2496a6899a3c9cd8df1d7776b62a4507bbe0b19e75e431e38f4da94cf7db [stream]
[debug] [2023-06-30T10:18:36.589Z] <<< [apiv2][status] POST https://upload-firebasehosting.googleapis.com/upload/sites/blocauth0/versions/0458d8317accca11/files/ceed39034bea984edcfd9576ceb71a9b7de88b25d126f281a6e1be96a6072dc5 200
[debug] [2023-06-30T10:18:36.590Z] <<< [apiv2][body] POST https://upload-firebasehosting.googleapis.com/upload/sites/blocauth0/versions/0458d8317accca11/files/ceed39034bea984edcfd9576ceb71a9b7de88b25d126f281a6e1be96a6072dc5 [stream]
[debug] [2023-06-30T10:18:36.611Z] <<< [apiv2][status] POST https://upload-firebasehosting.googleapis.com/upload/sites/blocauth0/versions/0458d8317accca11/files/3930e76178318a7b1d14a87e7ac7bfc1b3f777998fcdb7aa661ad4506bb178eb 200
[debug] [2023-06-30T10:18:36.611Z] <<< [apiv2][body] POST https://upload-firebasehosting.googleapis.com/upload/sites/blocauth0/versions/0458d8317accca11/files/3930e76178318a7b1d14a87e7ac7bfc1b3f777998fcdb7aa661ad4506bb178eb [stream]
[debug] [2023-06-30T10:18:37.808Z] <<< [apiv2][status] POST https://upload-firebasehosting.googleapis.com/upload/sites/blocauth0/versions/0458d8317accca11/files/b9634e328c2587e00dbfed42871252af2e6b55bb28806fb9af9c4a1f933fb17c 200
[debug] [2023-06-30T10:18:37.808Z] <<< [apiv2][body] POST https://upload-firebasehosting.googleapis.com/upload/sites/blocauth0/versions/0458d8317accca11/files/b9634e328c2587e00dbfed42871252af2e6b55bb28806fb9af9c4a1f933fb17c [stream]
[debug] [2023-06-30T10:18:38.300Z] <<< [apiv2][status] POST https://upload-firebasehosting.googleapis.com/upload/sites/blocauth0/versions/0458d8317accca11/files/6a0d5ce3db40260d35be93d97dd4e9b6b26a3953078c87b9e7aacf1255e495c0 200
[debug] [2023-06-30T10:18:38.300Z] <<< [apiv2][body] POST https://upload-firebasehosting.googleapis.com/upload/sites/blocauth0/versions/0458d8317accca11/files/6a0d5ce3db40260d35be93d97dd4e9b6b26a3953078c87b9e7aacf1255e495c0 [stream]
[debug] [2023-06-30T10:18:40.599Z] <<< [apiv2][status] POST https://upload-firebasehosting.googleapis.com/upload/sites/blocauth0/versions/0458d8317accca11/files/32c9d211a9e5ab84e5cd1d455aa718f3e68c3d058b9b8ef1f53b3d4fa00cdb59 200
[debug] [2023-06-30T10:18:40.599Z] <<< [apiv2][body] POST https://upload-firebasehosting.googleapis.com/upload/sites/blocauth0/versions/0458d8317accca11/files/32c9d211a9e5ab84e5cd1d455aa718f3e68c3d058b9b8ef1f53b3d4fa00cdb59 [stream]
[debug] [2023-06-30T10:18:45.344Z] <<< [apiv2][status] POST https://upload-firebasehosting.googleapis.com/upload/sites/blocauth0/versions/0458d8317accca11/files/4ddc1be88ec182ab1ef99336fb94f401b7e47d6acdeee6a66c7e49277380aa96 200
[debug] [2023-06-30T10:18:45.344Z] <<< [apiv2][body] POST https://upload-firebasehosting.googleapis.com/upload/sites/blocauth0/versions/0458d8317accca11/files/4ddc1be88ec182ab1ef99336fb94f401b7e47d6acdeee6a66c7e49277380aa96 [stream]
[debug] [2023-06-30T10:18:46.619Z] <<< [apiv2][status] POST https://upload-firebasehosting.googleapis.com/upload/sites/blocauth0/versions/0458d8317accca11/files/54d19bc3eeb738cc82427e093c8b67cba31963539b437dcd1efc3b82221817b3 200
[debug] [2023-06-30T10:18:46.619Z] <<< [apiv2][body] POST https://upload-firebasehosting.googleapis.com/upload/sites/blocauth0/versions/0458d8317accca11/files/54d19bc3eeb738cc82427e093c8b67cba31963539b437dcd1efc3b82221817b3 [stream]
[debug] [2023-06-30T10:18:58.598Z] <<< [apiv2][status] POST https://upload-firebasehosting.googleapis.com/upload/sites/blocauth0/versions/0458d8317accca11/files/fadec9656522e30803c4d3d78a6d859005dad88debe952006877cf62f155a8d5 200
[debug] [2023-06-30T10:18:58.598Z] <<< [apiv2][body] POST https://upload-firebasehosting.googleapis.com/upload/sites/blocauth0/versions/0458d8317accca11/files/fadec9656522e30803c4d3d78a6d859005dad88debe952006877cf62f155a8d5 [stream]
[debug] [2023-06-30T10:20:58.021Z] ----------------------------------------------------------------------
[debug] [2023-06-30T10:20:58.022Z] Command:       C:\Program Files\nodejs\node.exe C:\Users\q\AppData\Roaming\npm\node_modules\firebase-tools\lib\bin\firebase.js init
[debug] [2023-06-30T10:20:58.023Z] CLI Version:   12.4.2
[debug] [2023-06-30T10:20:58.023Z] Platform:      win32
[debug] [2023-06-30T10:20:58.023Z] Node Version:  v18.16.0
[debug] [2023-06-30T10:20:58.024Z] Time:          Fri Jun 30 2023 12:20:58 GMT+0200 (Eastern European Standard Time)
[debug] [2023-06-30T10:20:58.024Z] ----------------------------------------------------------------------
[debug] 
[debug] [2023-06-30T10:20:58.088Z] > command requires scopes: ["email","openid","https://www.googleapis.com/auth/cloudplatformprojects.readonly","https://www.googleapis.com/auth/firebase","https://www.googleapis.com/auth/cloud-platform"]
[debug] [2023-06-30T10:20:58.089Z] > authorizing via signed-in user (maryem.mostafa00@gmail.com)
[info] 
     ######## #### ########  ######## ########     ###     ######  ########
     ##        ##  ##     ## ##       ##     ##  ##   ##  ##       ##
     ######    ##  ########  ######   ########  #########  ######  ######
     ##        ##  ##    ##  ##       ##     ## ##     ##       ## ##
     ##       #### ##     ## ######## ########  ##     ##  ######  ########

You're about to initialize a Firebase project in this directory:

  E:\stor2\shop

Before we get started, keep in mind:

  * You are initializing within an existing Firebase project directory

[debug] [2023-06-30T10:21:21.891Z] [uploadQueue] Retrying task bb7ef43b2d5801015afc590d0cf63bac87eaa5fee91361621c2a65d5c9157534
[debug] [2023-06-30T10:21:21.892Z] >>> [apiv2][query] POST https://upload-firebasehosting.googleapis.com/upload/sites/blocauth0/versions/0458d8317accca11/files/bb7ef43b2d5801015afc590d0cf63bac87eaa5fee91361621c2a65d5c9157534 [none]
[debug] [2023-06-30T10:21:21.892Z] >>> [apiv2][body] POST https://upload-firebasehosting.googleapis.com/upload/sites/blocauth0/versions/0458d8317accca11/files/bb7ef43b2d5801015afc590d0cf63bac87eaa5fee91361621c2a65d5c9157534 [stream]
[debug] [2023-06-30T10:24:12.685Z] [uploadQueue] Retrying task bb7ef43b2d5801015afc590d0cf63bac87eaa5fee91361621c2a65d5c9157534
[debug] [2023-06-30T10:24:12.687Z] >>> [apiv2][query] POST https://upload-firebasehosting.googleapis.com/upload/sites/blocauth0/versions/0458d8317accca11/files/bb7ef43b2d5801015afc590d0cf63bac87eaa5fee91361621c2a65d5c9157534 [none]
[debug] [2023-06-30T10:24:12.687Z] >>> [apiv2][body] POST https://upload-firebasehosting.googleapis.com/upload/sites/blocauth0/versions/0458d8317accca11/files/bb7ef43b2d5801015afc590d0cf63bac87eaa5fee91361621c2a65d5c9157534 [stream]
[debug] [2023-06-30T10:27:04.281Z] [uploadQueue] Retrying task bb7ef43b2d5801015afc590d0cf63bac87eaa5fee91361621c2a65d5c9157534
[debug] [2023-06-30T10:27:04.283Z] >>> [apiv2][query] POST https://upload-firebasehosting.googleapis.com/upload/sites/blocauth0/versions/0458d8317accca11/files/bb7ef43b2d5801015afc590d0cf63bac87eaa5fee91361621c2a65d5c9157534 [none]
[debug] [2023-06-30T10:27:04.283Z] >>> [apiv2][body] POST https://upload-firebasehosting.googleapis.com/upload/sites/blocauth0/versions/0458d8317accca11/files/bb7ef43b2d5801015afc590d0cf63bac87eaa5fee91361621c2a65d5c9157534 [stream]
